<?xml version="1.0" encoding="UTF-8"?>
<!-- Generated by org.testng.reporters.JUnitReportReporter -->
<testsuite hostname="DESKTOP-NAV9BG8" name="training.LeafOrgApp" tests="2" failures="0" timestamp="9 Dec 2017 07:38:02 GMT" time="38.395" errors="0">
  <testcase name="update" time="29.571" classname="training.LeafOrgApp"/>
  <testcase name="close" time="8.824" classname="training.LeafOrgApp"/>
</testsuite> <!-- training.LeafOrgApp -->
