<?xml version="1.0" encoding="UTF-8"?>
<!-- Generated by org.testng.reporters.JUnitReportReporter -->
<testsuite skipped="0" hostname="DESKTOP-NAV9BG8" name="day3.Cookiee" tests="2" failures="0" timestamp="15 Jul 2018 10:30:00 GMT" time="8.651" errors="0">
  <testcase name="useCookie" time="6.382" classname="day3.Cookiee"/>
  <testcase name="postUsingCookie" time="2.269" classname="day3.Cookiee"/>
</testsuite> <!-- day3.Cookiee -->
