<?xml version="1.0" encoding="UTF-8"?>
<!-- Generated by org.testng.reporters.JUnitReportReporter -->
<testsuite skipped="0" hostname="DESKTOP-NAV9BG8" name="day3.Delete" tests="1" failures="0" timestamp="14 Jul 2018 13:00:46 GMT" time="3.013" errors="0">
  <testcase name="delete" time="3.013" classname="day3.Delete"/>
</testsuite> <!-- day3.Delete -->
