<?xml version="1.0" encoding="UTF-8"?>
<!-- Generated by org.testng.reporters.JUnitReportReporter -->
<testsuite skipped="0" hostname="DESKTOP-NAV9BG8" name="slack.PostMessage" tests="1" failures="0" timestamp="22 Jul 2018 04:10:12 GMT" time="5.117" errors="0">
  <testcase name="postChat" time="5.117" classname="slack.PostMessage"/>
</testsuite> <!-- slack.PostMessage -->
