<?xml version="1.0" encoding="UTF-8"?>
<!-- Generated by org.testng.reporters.JUnitReportReporter -->
<testsuite skipped="0" hostname="DESKTOP-NAV9BG8" name="day3.Cookie" tests="1" failures="0" timestamp="15 Jul 2018 10:16:23 GMT" time="14.333" errors="0">
  <testcase name="useCookie" time="14.333" classname="day3.Cookie"/>
</testsuite> <!-- day3.Cookie -->
