<?xml version="1.0" encoding="UTF-8"?>
<!-- Generated by org.testng.reporters.JUnitReportReporter -->
<testsuite skipped="0" hostname="DESKTOP-NAV9BG8" name="day3.JiraAttachment" tests="3" failures="0" timestamp="15 Jul 2018 10:13:09 GMT" time="18.234" errors="0">
  <testcase name="jiraAddAttachment" time="8.632" classname="day3.JiraAttachment"/>
  <testcase name="jiraAddAttachment" time="5.083" classname="day3.JiraAttachment"/>
  <testcase name="jiraAddAttachment" time="4.519" classname="day3.JiraAttachment"/>
</testsuite> <!-- day3.JiraAttachment -->
