<?xml version="1.0" encoding="UTF-8"?>
<!-- Generated by org.testng.reporters.JUnitReportReporter -->
<testsuite skipped="0" hostname="DESKTOP-NAV9BG8" name="day3.Filterss" tests="2" failures="0" timestamp="15 Jul 2018 10:57:08 GMT" time="9.467" errors="0">
  <testcase name="useFilter" time="6.604" classname="day3.Filterss"/>
  <testcase name="getUsingFilter" time="2.863" classname="day3.Filterss"/>
</testsuite> <!-- day3.Filterss -->
