<?xml version="1.0" encoding="UTF-8"?>
<!-- Generated by org.testng.reporters.JUnitReportReporter -->
<testsuite skipped="0" hostname="DESKTOP-NAV9BG8" name="restSelenium.SeleniumRest" tests="2" failures="0" timestamp="15 Jul 2018 12:35:20 GMT" time="31.283" errors="0">
  <testcase name="createChangeRequest" time="5.991" classname="restSelenium.SeleniumRest"/>
  <testcase name="checkRequest" time="25.292" classname="restSelenium.SeleniumRest"/>
</testsuite> <!-- restSelenium.SeleniumRest -->
