<?xml version="1.0" encoding="UTF-8"?>
<!-- Generated by org.testng.reporters.JUnitReportReporter -->
<testsuite skipped="0" hostname="DESKTOP-NAV9BG8" name="day3.Post" tests="1" failures="0" timestamp="14 Jul 2018 13:00:46 GMT" time="5.937" errors="0">
  <testcase name="post" time="5.937" classname="day3.Post"/>
</testsuite> <!-- day3.Post -->
