<?xml version="1.0" encoding="UTF-8"?>
<!-- Generated by org.testng.reporters.JUnitReportReporter -->
<testsuite hostname="DESKTOP-NAV9BG8" name="training.MobileWeb" tests="2" failures="0" timestamp="9 Dec 2017 17:15:42 GMT" time="123.987" errors="0">
  <testcase name="close" time="6.600" classname="training.MobileWeb"/>
  <testcase name="update" time="117.387" classname="training.MobileWeb"/>
</testsuite> <!-- training.MobileWeb -->
