<?xml version="1.0" encoding="UTF-8"?>
<!-- Generated by org.testng.reporters.JUnitReportReporter -->
<testsuite hostname="DESKTOP-NAV9BG8" name="training.ParallelWithGridRunLeafOrgApp" tests="2" failures="0" timestamp="16 Dec 2017 12:31:21 GMT" time="34.583" errors="0">
  <testcase name="close" time="5.378" classname="training.ParallelWithGridRunLeafOrgApp"/>
  <testcase name="update" time="29.205" classname="training.ParallelWithGridRunLeafOrgApp"/>
</testsuite> <!-- training.ParallelWithGridRunLeafOrgApp -->
