<?xml version="1.0" encoding="UTF-8"?>
<!-- Generated by org.testng.reporters.JUnitReportReporter -->
<testsuite hostname="DESKTOP-NAV9BG8" name="training.ParallelRunLeafOrgApp" tests="4" failures="0" timestamp="10 Dec 2017 05:31:18 GMT" time="91.721" errors="0">
  <testcase name="close" time="5.459" classname="training.ParallelRunLeafOrgApp"/>
  <testcase name="update" time="56.280" classname="training.ParallelRunLeafOrgApp"/>
  <testcase name="close" time="3.782" classname="training.ParallelRunLeafOrgApp"/>
  <testcase name="update" time="26.200" classname="training.ParallelRunLeafOrgApp"/>
</testsuite> <!-- training.ParallelRunLeafOrgApp -->
