<?xml version="1.0" encoding="UTF-8"?>
<!-- Generated by org.testng.reporters.JUnitReportReporter -->
<testsuite skipped="1" hostname="DESKTOP-NAV9BG8" name="runner.TestNG_RunCuck" tests="2" failures="0" timestamp="12 Aug 2018 11:09:57 GMT" time="17.288" errors="0">
  <testcase name="runScenario" time="8.734" classname="runner.TestNG_RunCuck">
    <skipped/>
  </testcase> <!-- runScenario -->
  <testcase name="runScenario" time="8.554" classname="runner.TestNG_RunCuck"/>
</testsuite> <!-- runner.TestNG_RunCuck -->
